breathe-india-covid-19-effect-on-pollution
passing...
where-to-invest-to-combat-air-pollution-in-india
passing...
melbourne-comprehensive-housing-market-analysis
passing...
industrial-accident-causal-analysis
passing...
analyzing-editors-descriptions-hidden-gems
passing...
the-math-of-the-neuron-with-animation
passing...
bgg-ratings-mechanics-miniatures
passing...
food-feed-facts
passing...
a-heatmap-roadmap-to-your-dream-job
passing...
gender-pay-gap-a-myth-or-a-reality
passing...
does-twitter-chirp-chai
passing...
complete-visualization-and-analysis-of-2020debates
passing...
who-s-not-here-kaggle-user-survey-2020
passing...
how-was-the-growth-of-kaggle-insightful-approach
passing...
deep-sea-dive-into-top-10-survival-guide
passing...
egyptian-endeavour-moment-of-truth
passing...
time-series-transformations
passing...
loan-classification-detecting-credit-defaults
passing...
kiva-in-2-minutes-animated-story
passing...
plotly-analyzing-why-do-space-missions-fail
passing...
rfcx-fastai-trick-to-load-spectrogram-fast
passing...
divorce-prediction-with-rf
passing...
cropland-mapping-random-forest-neural-network
passing...
fastai-multi-core-tpu-pets-sample
passing...
ml-and-kaggle-a-hardware-lottery
passing...
discussion-hotness-plots
passing...
arxiv-taxonomy-e-top-influential-papers
passing...
learning-in-cyberspace-a-story-of-pandemic-times
passing...
air-pollution-101
passing...
q-and-a-with-google-play-store-data
passing...
kaggle-discussions-busiest-time-of-the-day
passing...
what-s-this-chai-and-datascience
passing...
kaggle-story-b-c-before-covid-and-through
passing...
ranzcr-1st-place-soluiton-cls-model-small-ver
passing...
covid-19-study-with-epidemiology-models
passing...
covid19-statistical-analysis-in-germany
passing...
big-macs-rock-stars-what-seperates-top-earners
passing...
getting-started-with-biopython
passing...
the-reason-we-re-happy
passing...
treasure-hunt-what-gives-to-be-really-good
passing...
upit-a-package-for-unpaired-img2img-translation
passing...
explore-ml-ds-survey-2021-ukraine
passing...
data-heroines-saving-the-world-through-data
passing...
is-a-vaccinated-country-a-happy-one-data-analysis
passing...
identifying-bias-in-ai
passing...
mapping-poverty-around-the-world
passing...
tweet-sentiment-extraction-pytorch
passing...
2ndplace-solution
passing...
visualizing-convolution-filters
passing...
space-missions-tech-race-space-theme-plots
passing...
food-nutrition-analysis-eda
passing...
starting-point-big-query-and-london-crime
passing...
tps-01-21-feature-importance-with-xgboost-and-shap
passing...
efficientdet-meets-pytorch-lightning
passing...
alzheimer-mri-model-tensorflow-2-3-data-loading
passing...
eda-of-murders-in-india
passing...
ad-clicks-eda-classification
passing...
cricket-analytics-decoding-stories
passing...
avocado-eda
passing...
we-are-from-our-childhood
passing...
australia-on-fire-animation
passing...
industrial-machine-anomaly-detection
passing...
is-social-distancing-changing-our-kaggle-habits
passing...
let-s-respect-the-veterans
passing...
music-generation-lstm
passing...
time-series-forecasting-building-intuition
passing...
unbiased-look-on-brazil-wildfires
passing...
ama-with-a-data-scientist
passing...
ctds-subtitles-exploration
passing...
what-gets-you-a-home-loan-in-washington
passing...
rain-in-australia-with-eda-h2o-88-4-auc
passing...
nifty-data-eda
passing...
the-learning-gap
passing...
0-525-tabular-xgboost-gpu-fft-gpu-cuml-fast
passing...
evolution-of-social-complexity-a-data-analysis
passing...
the-journey-of-an-image-through-a-neural-network
passing...
exploring-global-inequality-and-growth
passing...
pakistan-s-rising-data-science-2021
passing...
amazon-bestselling-books-eda-and-price-prediction
passing...
time-series-analysis-forecast-with-visualization
passing...
feedback-nn-train
passing...
how-to-get-a-promotion-101
passing...
default-of-credit-card-eda-catboost-w-ft-eng
passing...
football-transfers-2000-2018
passing...
titanic-machine-learning-from-disaster-eda
passing...
earthquakes-and-tectonic-plates-seismic-analysis
passing...
what-s-going-on-in-ecuador-splash-of-plotly
passing...
disparity-in-engagement-in-digital-learning
passing...
cassava-leaf-disease-vit-tpu-training
passing...
find-where-i-truly-belong
passing...
a-story-about-unsupervised-learning
passing...
kfc-vs-mc-donalds-vs-cafe-coffee-day
passing...
brain-failure-prediction
passing...
competitiveness-and-expertise-in-tennis
passing...
logbook-analysis-and-weather-prediction
passing...
visual-journey-through-world-development-1985-2015
passing...
2nd-place-solution
passing...
monet-visualization-and-augmentation
passing...
i-d-like-to-propose-a-toast-beer-recipes-eda
passing...
forecast-with-n-beats-interpretable-model
passing...
petfinder-pawpularity-eda-fastai-starter
passing...
tpu-sherlocked-one-stop-for-with-tf
passing...
data-science-with-compassion
passing...
moa-eda-from-a-computational-biologist
passing...
why-shapley-is-great-for-understanding-ml-results
passing...
earthquakes-in-greece-exploratory-analysis
passing...
the-night-fellini-met-miyazaki
passing...
computer-vision-with-seedlings
passing...
how-popular-is-kaggle-in-africa
passing...
opioids-in-the-us-initial-graphs
passing...
how-good-does-your-chocolate-taste
passing...
moa-keras-kerastuner-best-practices
passing...
what-s-cooking
passing...
recommendation-engine-with-networkx
passing...
shadow-cornerback-coverage-analysis
passing...
imagenet-embeddings-rapids-svr-finetuned-models
passing...
how-to-create-award-winning-data-visualizations
passing...
tf-jax-tutorials-part1
passing...
world-happiness-index-report
passing...
u-s-airbnb-analysis-and-price-prediction
passing...
rethinking-cv-strategy-with-visualizations
passing...
introduction-to-volcanology-seismograms-and-lgbm
passing...
german-credit-analysis-a-risk-perspective
passing...
starter-code-eda-and-lgbm-baseline
passing...
airbnb-data-analysis
passing...
don-t-be-left-behind-data-science-literacy
passing...
trending-youtube-video-metadata-analysis
passing...
casestudy-eda-for-cardio-good-fitness
passing...
the-12-different-types-of-kagglers
passing...
gender-gap-in-the-kaggle-community
passing...
data-professional-in-small-vs-large-companies
passing...
starter-autotel-shared-car-locations
passing...
data-science-in-the-cloud-who-wins-the-cloud-war
passing...
ant-colony-optimization-algorithm
passing...
roberta-meets-tpus
passing...
house-prices-xgboost
passing...
a-look-back-at-your-kaggle-journey
passing...
bert-tpus-jax-huggingface
passing...
energy-in-the-netherlands-an-introductory-kernel
passing...
what-gets-you-arrested-in-san-francisco
passing...
mechanisms-of-action-what-do-we-have-here
passing...
contradictory-watson-concise-keras-xlm-r-on-tpu
passing...
covid-19-world-vaccination-progress
passing...
the-unusual-suspects-2020
passing...
shopee-embedding-visualizations-before-after-inb
passing...
how-big-is-french-industry-data-visualization
passing...
yolo-ensemle
passing...
whr-2021-eda-and-linear-regression-beginner
passing...
introduction-to-financial-mathematics
passing...
what-s-in-a-name-2021-kaggle-survey-competition
passing...
moa-all-rapids
passing...
geospatial-feature-engineering-and-visualization
passing...
eda-and-data-storytelling-on-disney-movies
passing...
understanding-and-improving-cyclegans-tutorial
passing...
recreating-gapminder-visualisation-with-bokeh
passing...
zoomable-circle-packing-via-d3-js-in-ipython
passing...
animation-gan-latent-walk
passing...
co2-after-greta
passing...
recommending-music-artists-with-boltzmann-machines
passing...
building-resnet34-from-scratch-using-pytorch
passing...
analysing-indian-recipes
passing...
train-model-with-tensorflow-cloud
passing...
swinformer-cutmix-amp-accelerate-w-b
passing...
a-look-at-sentiment-on-the-kaggle-forums
passing...
model-cards
passing...
hugging-face-transformers-get-started
passing...
maps-of-nyc-airbnbs-with-python
passing...
the-convolutional-classifier
passing...
patterns-of-colorectal-cancer-image-clustering
passing...
a-tour-of-the-oil-industry
passing...
alone-in-the-woods-using-theil-s-u-for-survival
passing...
2xyolov5l6-tracking-lb-0-678-private-0-722
passing...
quantify-the-madness-a-study-of-competitiveness
passing...
mental-health-in-tech
passing...
meta-kaggle-competition-shake-up
passing...
how-long-does-it-take-to-be-gm
passing...
adversarial-rainforest
passing...
a-deep-learning-of-deep-learning
passing...
see-the-flow-of-bikes
passing...
lego-minifigures-pytorch-and-neptune-ai-template
passing...
classification-how-imbalanced-is-imbalanced
passing...
the-5-types-of-kagglers
passing...
magic-2-an-explanation
passing...
tutorial-3d-pca-video-animation
passing...
exploring-data-analytics-in-africa
passing...
1d-cnn-densenet1d
passing...
image-recognition-from-scratch-1
passing...
the-success-story-compete-win-with-kaggle-data
passing...
bike-sharing-in-boston-vs-covid19
passing...
plotly-avatar-the-last-airbender-analysis
passing...
how-long-it-takes-to-win-1st-on-kaggle
passing...
shifterator-analysis-on-animal-crossing-reviews
passing...
wind-power-forecasting-using-tensorflow
passing...
the-world-belongs-to-those-who-read
passing...
battle-of-the-boosting-algos-lgb-xgb-catboost
passing...
celebrity-face-swap
passing...
mlb-final-1
passing...
1-solution-pid-controller-matching-v1
passing...
a-gentle-introduction-to-wavelet-for-data-analysis
passing...
mental-health-plotly-interactive-viz
passing...
making-perfect-chai-and-other-tales
passing...
data-analysis-of-rio-de-janeiro-olympics-2016
passing...
transformers-course-chapter-2-tf-torch
passing...
bank-marketing-analysis
passing...
keras-neural-network-a-hitchhiker-s-guide-to-nn
passing...
2-encourage-diversity-reduce-bias-cola
passing...
video-games-sales-analysis-and-visualization
passing...
understanding-the-extent-of-police-abuse-in-the-us
passing...
time-series-anomaly-detection
passing...
tutorial-on-reading-large-datasets
passing...
the-rise-of-data-science-interest-in-india
passing...
dutch-electricity-eda-fs-clustering-maps
passing...
mnist-2d-t-sne-with-rapids
passing...
team-merged-ensemble-fixednewmodelsexp029nonmean
passing...
how-unique-are-you-on-kaggle-get-your-score-here
passing...
girls-rock-data-science
passing...
us-elections-study-with-enriched-data-estimation
passing...
africai
passing...
